2025-03-26 09:00:45 [error]: Route not found
2025-03-26 09:00:45 [info]: POST /notifications 404
2025-03-26 09:01:25 [error]: Route not found
2025-03-26 09:01:25 [info]: POST /api/notifications 404
2025-03-26 09:02:25 [error]: Route not found
2025-03-26 09:02:25 [info]: POST /api/notifications 404
2025-03-26 09:02:44 [error]: Route not found
2025-03-26 09:02:44 [info]: POST /api/user 404
2025-03-26 09:02:57 [error]: Route not found
2025-03-26 09:02:57 [info]: POST /notifications 404
2025-03-26 09:03:04 [error]: Route not found
2025-03-26 09:03:04 [info]: POST /notifications/api 404
2025-03-26 09:04:55 [error]: Route not found
2025-03-26 09:04:55 [info]: POST /notifications/api 404
2025-03-26 09:05:09 [error]: Route not found
2025-03-26 09:05:09 [info]: POST /api/notifications 404
2025-03-26 09:05:24 [error]: Route not found
2025-03-26 09:05:24 [info]: POST /api/users 404
2025-03-26 09:05:27 [error]: Route not found
2025-03-26 09:05:27 [info]: POST /api/user 404
2025-03-26 09:05:42 [error]: Route not found
2025-03-26 09:05:42 [info]: POST /api/auth 404
2025-03-26 09:07:52 [error]: Route not found
2025-03-26 09:07:52 [info]: POST /api/auth 404
2025-03-26 09:07:58 [error]: Route not found
2025-03-26 09:07:58 [info]: POST /api/user 404
2025-03-26 09:14:48 [error]: Route not found
2025-03-26 09:14:48 [info]: POST /noti/notifications 404
2025-03-26 09:14:57 [error]: Route not found
2025-03-26 09:14:57 [info]: GET /noti/notifications 404
2025-03-26 09:17:34 [error]: Route not found
2025-03-26 09:17:34 [info]: POST /notifications 404
2025-03-26 09:17:43 [error]: Route not found
2025-03-26 09:17:43 [info]: POST /v1/api/notifications 404
2025-03-26 09:17:44 [error]: Route not found
2025-03-26 09:17:44 [info]: POST /v1/api/notifications 404
2025-03-26 09:17:58 [error]: Route not found
2025-03-26 09:17:58 [info]: POST /api/v1/notifications 404
2025-03-26 09:27:30 [info]: POST /notifications 401
2025-03-26 09:27:53 [info]: POST /notifications 401
2025-03-26 09:28:20 [info]: POST /notifications 500
2025-03-26 09:28:32 [info]: POST /notifications 500
2025-03-26 09:30:03 [info]: POST /notifications 500
2025-03-26 09:30:11 [info]: POST /notifications 500
2025-03-26 09:30:49 [info]: POST /notifications 500
2025-03-26 09:31:59 [info]: POST /notifications 500
2025-03-26 09:32:25 [info]: POST /notifications 500
2025-03-26 09:33:10 [info]: POST /notifications 201
2025-03-26 09:34:00 [info]: POST /notifications 201
2025-03-26 09:34:47 [info]: POST /notifications 201
2025-03-26 09:34:54 [info]: POST /notifications 201
2025-03-26 09:35:03 [info]: POST /notifications 201
2025-03-26 09:36:13 [info]: POST /notifications 201
2025-03-26 09:37:29 [info]: POST /notifications 201
2025-03-26 09:38:15 [info]: POST /notifications 201
2025-03-26 09:40:33 [info]: POST /notifications 201
2025-03-26 09:42:58 [info]: POST /notifications 500
2025-03-26 09:43:08 [info]: POST /notifications 500
2025-03-26 09:43:51 [info]: POST /notifications 201
2025-03-26 09:44:15 [info]: POST /notifications 201
2025-03-26 09:44:56 [info]: POST /notifications 201
2025-03-26 09:45:30 [info]: POST /notifications 201
2025-03-26 09:48:24 [info]: POST /notifications 201
2025-03-26 09:49:30 [info]: POST /notifications 201
2025-03-26 09:50:57 [info]: POST /notifications 201 - Request Body: {"title":"Hello dear","message":"Hello you","contentType":"text"}
2025-03-26 09:51:38 [info]: POST /notifications 201 - Request Body: {"title":"Hello dear","message":"Hello you","contentType":"text"}
2025-03-26 09:52:13 [info]: POST /notifications 201 - Request Body: {"title":"Hello dear","message":"Hello you","contentType":"text"}
2025-03-26 09:53:06 [info]: POST /notifications 400 - Request Body: {"title":"Hello dear","message":"Hello you"}
2025-03-26 09:53:18 [info]: POST /notifications 201 - Request Body: {"title":"good","message":"Hello you","contentType":"text"}
2025-03-26 09:53:24 [info]: GET /notifications 401
2025-03-26 09:53:53 [info]: GET /notifications 401
2025-03-26 09:54:56 [error]: Route not found
2025-03-26 09:54:56 [info]: POST /api/auth 404 - Request Body: {"email":"good","password":"Hello you","contentType":"text"}
2025-03-26 09:55:37 [info]: POST /register 400
2025-03-26 09:55:56 [info]: POST /register 400
2025-03-26 09:55:58 [info]: POST /register 400
2025-03-26 09:56:26 [info]: POST /register 400 - Request Body: {"email":"good","password":"Hello you","firstName":"text"}
2025-03-26 09:57:11 [info]: POST /register 400 - Request Body: {"email":"good","password":"Hello you","confirmPassword":"Hello you","firstName":"text"}
2025-03-26 09:57:46 [info]: POST /register 400 - Request Body: {"email":"good","password":"Cyph@2002","confirmPassword":"Cyph@2002","firstName":"text"}
2025-03-26 10:06:56 [info]: POST /login 400 - Request Body: {"email":"cyph@gmail.com","password":"cyph@000"}
2025-03-26 10:07:36 [info]: POST /login 400 - Request Body: {"email":"cyph@gmail.com","password":"cyph@000"}
2025-03-26 10:24:43 [info]: POST /notifications 201 - Request Body: {"title":"good","message":"Hello you","contentType":"text"}
2025-03-26 10:24:47 [info]: GET /notifications 401
2025-03-26 10:24:53 [info]: GET /notifications 200
2025-03-26 10:25:02 [info]: GET /notifications/67e3c019f65c96becc5d378e 200
2025-03-26 10:26:05 [info]: PATCH /notifications/67e3c019f65c96becc5d378e 400 - Request Body: {"isRead":true}
2025-03-26 10:34:10 [info]: PATCH /notifications/67e3c019f65c96becc5d378e 400 - Request Body: {"isRead":true}
2025-03-26 10:34:38 [info]: PATCH /notifications/67e3c019f65c96becc5d378e/read 200 - Request Body: {"isRead":true}
2025-03-26 10:35:00 [info]: DELETE /notifications/67e3c019f65c96becc5d378e 200 - Request Body: {"isRead":true}
2025-03-26 10:35:29 [info]: GET /notifications/67e3c019f65c96becc5d378e 404
2025-03-26 10:35:53 [error]: Route not found
2025-03-26 10:35:53 [info]: GET /api/notifications/67e3c03df90def4428f83013/read 404
2025-03-26 10:35:57 [info]: PATCH /notifications/67e3c03df90def4428f83013/read 200 - Request Body: {"isRead":true}
2025-03-26 10:36:24 [info]: GET /notifications/67e3c7db7d134ba41d301ef3 200
2025-03-26 10:37:15 [info]: POST /notifications 201 - Request Body: {"title":"Timely Capsule","message":"Hello","contentType":"text"}
